<?xml version="1.0" encoding="UTF-8"?>
<!-- Generated by org.testng.reporters.JUnitXMLReporter -->
<testsuite hostname="Priya" ignored="0" name="Demo Web Shop Test Cases" tests="3" failures="0" timestamp="06 Jun 2020 16:26:11 GMT" time="31.822" errors="0">
  <testcase name="pageTitleTest" time="0.032" classname="com.qa.testcases.LoginPageTest"/>
  <testcase name="validateLogo" time="0.121" classname="com.qa.testcases.LoginPageTest"/>
  <testcase name="login" time="0.522" classname="com.qa.testcases.LoginPageTest"/>
</testsuite> <!-- Demo Web Shop Test Cases -->
