<?xml version="1.0" encoding="UTF-8"?>
<!-- Generated by org.testng.reporters.JUnitXMLReporter -->
<testsuite hostname="Priya" ignored="0" name="Command line test" tests="1" failures="1" timestamp="06 Jun 2020 14:32:51 GMT" time="32.194" errors="0">
  <testcase name="verifyRegistration" time="2.197" classname="com.qa.testcases.RegistrationPageTest">
    <failure type="java.lang.AssertionError" message="expected [false] but found [true]">
      <![CDATA[java.lang.AssertionError: expected [false] but found [true]
at com.qa.testcases.RegistrationPageTest.verifyRegistration(RegistrationPageTest.java:55)
... Removed 41 stack frames]]>
    </failure>
  </testcase> <!-- verifyRegistration -->
</testsuite> <!-- Command line test -->
