<?xml version="1.0" encoding="UTF-8"?>
<testng-results skipped="0" failed="0" ignored="0" total="3" passed="3">
  <reporter-output>
  </reporter-output>
  <suite name="Demo WebShop Test Suite" duration-ms="31822" started-at="2020-06-06T16:25:39Z" finished-at="2020-06-06T16:26:11Z">
    <groups>
    </groups>
    <test name="Demo Web Shop Test Cases" duration-ms="31822" started-at="2020-06-06T16:25:39Z" finished-at="2020-06-06T16:26:11Z">
      <class name="com.qa.testcases.LoginPageTest">
        <test-method status="PASS" signature="setUp()[pri:0, instance:com.qa.testcases.LoginPageTest@3a079870]" name="setUp" is-config="true" duration-ms="10473" started-at="2020-06-06T16:25:39Z" finished-at="2020-06-06T16:25:49Z">
          <reporter-output>
          </reporter-output>
        </test-method> <!-- setUp -->
        <test-method status="PASS" signature="pageTitleTest()[pri:1, instance:com.qa.testcases.LoginPageTest@3a079870]" name="pageTitleTest" duration-ms="32" started-at="2020-06-06T16:25:49Z" finished-at="2020-06-06T16:25:49Z">
          <reporter-output>
          </reporter-output>
        </test-method> <!-- pageTitleTest -->
        <test-method status="PASS" signature="tearDown()[pri:0, instance:com.qa.testcases.LoginPageTest@3a079870]" name="tearDown" is-config="true" duration-ms="647" started-at="2020-06-06T16:25:49Z" finished-at="2020-06-06T16:25:50Z">
          <reporter-output>
          </reporter-output>
        </test-method> <!-- tearDown -->
        <test-method status="PASS" signature="setUp()[pri:0, instance:com.qa.testcases.LoginPageTest@3a079870]" name="setUp" is-config="true" duration-ms="8698" started-at="2020-06-06T16:25:50Z" finished-at="2020-06-06T16:25:59Z">
          <reporter-output>
          </reporter-output>
        </test-method> <!-- setUp -->
        <test-method status="PASS" signature="validateLogo()[pri:2, instance:com.qa.testcases.LoginPageTest@3a079870]" name="validateLogo" duration-ms="121" started-at="2020-06-06T16:25:59Z" finished-at="2020-06-06T16:25:59Z">
          <reporter-output>
          </reporter-output>
        </test-method> <!-- validateLogo -->
        <test-method status="PASS" signature="tearDown()[pri:0, instance:com.qa.testcases.LoginPageTest@3a079870]" name="tearDown" is-config="true" duration-ms="634" started-at="2020-06-06T16:25:59Z" finished-at="2020-06-06T16:25:59Z">
          <reporter-output>
          </reporter-output>
        </test-method> <!-- tearDown -->
        <test-method status="PASS" signature="setUp()[pri:0, instance:com.qa.testcases.LoginPageTest@3a079870]" name="setUp" is-config="true" duration-ms="9488" started-at="2020-06-06T16:25:59Z" finished-at="2020-06-06T16:26:09Z">
          <reporter-output>
          </reporter-output>
        </test-method> <!-- setUp -->
        <test-method status="PASS" signature="login()[pri:3, instance:com.qa.testcases.LoginPageTest@3a079870]" name="login" duration-ms="522" started-at="2020-06-06T16:26:09Z" finished-at="2020-06-06T16:26:09Z">
          <reporter-output>
          </reporter-output>
        </test-method> <!-- login -->
        <test-method status="PASS" signature="tearDown()[pri:0, instance:com.qa.testcases.LoginPageTest@3a079870]" name="tearDown" is-config="true" duration-ms="1161" started-at="2020-06-06T16:26:09Z" finished-at="2020-06-06T16:26:11Z">
          <reporter-output>
          </reporter-output>
        </test-method> <!-- tearDown -->
      </class> <!-- com.qa.testcases.LoginPageTest -->
    </test> <!-- Demo Web Shop Test Cases -->
  </suite> <!-- Demo WebShop Test Suite -->
</testng-results>
